<?xml version="1.0" encoding="UTF-8"?>
<!-- Generated by org.testng.reporters.JUnitReportReporter -->
<testsuite hostname="Hashish" failures="0" tests="1" name="Selenium.AutomationChallenge.ResultsCount" time="6.508" errors="0" timestamp="2021-06-22T08:49:09 EET" skipped="0">
  <testcase classname="Selenium.AutomationChallenge.ResultsCount" name="resultsCount" time="6.508"/>
  <system-out/>
</testsuite> <!-- Selenium.AutomationChallenge.ResultsCount -->
