<?xml version="1.0" encoding="UTF-8"?>
<!-- Generated by org.testng.reporters.JUnitReportReporter -->
<testsuite hostname="Hashish" failures="0" tests="1" name="Selenium.AutomationChallenge.ResultsCount" time="6.002" errors="0" timestamp="2021-06-21T02:43:37 EET" skipped="0">
  <testcase classname="Selenium.AutomationChallenge.ResultsCount" name="searchGoogle" time="6.002"/>
  <system-out/>
</testsuite> <!-- Selenium.AutomationChallenge.ResultsCount -->
